<?xml version="1.0" encoding="UTF-8"?>
<!-- Generated by org.testng.reporters.JUnitReportReporter -->
<testsuite hostname="DESKTOP-VD8TREF" name="ad.xsdl" tests="1" failures="0" timestamp="25 Mar 2019 06:32:59 GMT" time="9.411" errors="0">
  <testcase name="testUntitled" time="9.411" classname="ad.xsdl"/>
</testsuite> <!-- ad.xsdl -->
